<?xml version="1.0" encoding="UTF-8"?>
<!-- Generated by org.testng.reporters.JUnitReportReporter -->
<testsuite hostname="PC" failures="0" tests="1" name="Day5.DemoNestedPojo" time="5.684" errors="0" timestamp="2024-09-09T22:49:20 IST" skipped="0">
  <testcase classname="Day5.DemoNestedPojo" name="test" time="5.684"/>
</testsuite> <!-- Day5.DemoNestedPojo -->
