<?xml version="1.0" encoding="UTF-8"?>
<!-- Generated by org.testng.reporters.JUnitReportReporter -->
<testsuite hostname="PC" failures="0" tests="1" name="HttpRequest.Patch_Method" time="4.795" errors="0" timestamp="2024-09-04T10:48:05 IST" skipped="0">
  <testcase classname="HttpRequest.Patch_Method" name="testcase" time="4.795"/>
</testsuite> <!-- HttpRequest.Patch_Method -->
