<?xml version="1.0" encoding="UTF-8"?>
<!-- Generated by org.testng.reporters.JUnitReportReporter -->
<testsuite hostname="PC" failures="0" tests="1" name="Day5.JsonObjectUsingJavaMap" time="5.609" errors="0" timestamp="2024-09-05T12:31:32 IST" skipped="0">
  <testcase classname="Day5.JsonObjectUsingJavaMap" name="createAutToken" time="5.609"/>
</testsuite> <!-- Day5.JsonObjectUsingJavaMap -->
