<?xml version="1.0" encoding="UTF-8"?>
<!-- Generated by org.testng.reporters.JUnitReportReporter -->
<testsuite hostname="PC" failures="0" tests="2" name="Day5.FileUpload" time="6.358" errors="0" timestamp="2024-09-05T15:16:43 IST" skipped="1">
  <testcase classname="Day5.FileUpload" name="upladimage" time="6.358"/>
  <testcase classname="Day5.FileUpload" name="uploadfile">
    <skipped/>
  </testcase> <!-- uploadfile -->
</testsuite> <!-- Day5.FileUpload -->
