<?xml version="1.0" encoding="UTF-8"?>
<!-- Generated by org.testng.reporters.JUnitReportReporter -->
<testsuite hostname="PC" failures="0" tests="1" name="Day4.ValidateXMLResponse" time="10.110" errors="0" timestamp="2024-09-04T23:24:33 IST" skipped="0">
  <testcase classname="Day4.ValidateXMLResponse" name="addPet" time="10.110"/>
</testsuite> <!-- Day4.ValidateXMLResponse -->
