<?xml version="1.0" encoding="UTF-8"?>
<!-- Generated by org.testng.reporters.JUnitReportReporter -->
<testsuite hostname="PC" failures="0" tests="1" name="Day3.Digest_Authorization" time="5.733" errors="0" timestamp="2024-09-04T14:54:13 IST" skipped="0">
  <testcase classname="Day3.Digest_Authorization" name="DigAut" time="5.733"/>
</testsuite> <!-- Day3.Digest_Authorization -->
