<?xml version="1.0" encoding="UTF-8"?>
<!-- Generated by org.testng.reporters.JUnitReportReporter -->
<testsuite hostname="PC" failures="0" tests="1" name="Day5.Create_JSON_Array_Using_ListorSet" time="5.495" errors="0" timestamp="2024-09-05T13:10:50 IST" skipped="0">
  <testcase classname="Day5.Create_JSON_Array_Using_ListorSet" name="createuserUsingJsonArrayUsinfList" time="5.495"/>
</testsuite> <!-- Day5.Create_JSON_Array_Using_ListorSet -->
