<?xml version="1.0" encoding="UTF-8"?>
<!-- Generated by org.testng.reporters.JUnitReportReporter -->
<testsuite hostname="PC" failures="0" tests="2" name="Day2.ChackForValidRespone" time="3.320" errors="0" timestamp="2024-09-04T11:59:06 IST" skipped="1">
  <testcase classname="Day2.ChackForValidRespone" name="GetSingleUsersUsingValidatableResponse" time="3.320"/>
  <testcase classname="Day2.ChackForValidRespone" name="GetUsername">
    <skipped/>
  </testcase> <!-- GetUsername -->
</testsuite> <!-- Day2.ChackForValidRespone -->
