<?xml version="1.0" encoding="UTF-8"?>
<!-- Generated by org.testng.reporters.JUnitReportReporter -->
<testsuite hostname="PC" failures="0" tests="1" name="Day2.BDD_CheckForValidresponse" time="3.554" errors="0" timestamp="2024-09-04T12:09:42 IST" skipped="0">
  <testcase classname="Day2.BDD_CheckForValidresponse" name="GetSingleUser__BDDSTyle" time="3.554"/>
</testsuite> <!-- Day2.BDD_CheckForValidresponse -->
