<?xml version="1.0" encoding="UTF-8"?>
<!-- Generated by org.testng.reporters.JUnitReportReporter -->
<testsuite hostname="PC" failures="0" tests="1" name="Day5.Create_JSON_Array" time="4.669" errors="0" timestamp="2024-09-05T12:59:15 IST" skipped="0">
  <testcase classname="Day5.Create_JSON_Array" name="createuserUsingJsonArray" time="4.669"/>
</testsuite> <!-- Day5.Create_JSON_Array -->
