<?xml version="1.0" encoding="UTF-8"?>
<!-- Generated by org.testng.reporters.JUnitReportReporter -->
<testsuite hostname="PC" failures="0" tests="1" name="Day4.Deserialize" time="7.032" errors="0" timestamp="2024-09-09T23:44:55 IST" skipped="0">
  <testcase classname="Day4.Deserialize" name="Test" time="7.032"/>
</testsuite> <!-- Day4.Deserialize -->
