<?xml version="1.0" encoding="UTF-8"?>
<!-- Generated by org.testng.reporters.JUnitReportReporter -->
<testsuite hostname="PC" failures="0" tests="1" name="Validate_JSON_ResponseBody" time="4.608" errors="0" timestamp="2024-09-04T13:46:31 IST" skipped="0">
  <testcase classname="Validate_JSON_ResponseBody" name="userListResponseBody" time="4.608"/>
</testsuite> <!-- Validate_JSON_ResponseBody -->
