<?xml version="1.0" encoding="UTF-8"?>
<!-- Generated by org.testng.reporters.JUnitReportReporter -->
<testsuite hostname="PC" failures="0" tests="1" name="HttpRequest.Put_TestMethod" time="4.418" errors="0" timestamp="2024-09-04T10:43:52 IST" skipped="0">
  <testcase classname="HttpRequest.Put_TestMethod" name="Testcase" time="4.418"/>
</testsuite> <!-- HttpRequest.Put_TestMethod -->
