<?xml version="1.0" encoding="UTF-8"?>
<!-- Generated by org.testng.reporters.JUnitReportReporter -->
<testsuite hostname="PC" failures="0" tests="1" name="Day2.DiffWaysToPostRequestBody" time="10.738" errors="0" timestamp="2024-08-27T14:03:35 IST" skipped="0">
  <testcase classname="Day2.DiffWaysToPostRequestBody" name="testPostusingHashMap" time="10.738"/>
</testsuite> <!-- Day2.DiffWaysToPostRequestBody -->
