<?xml version="1.0" encoding="UTF-8"?>
<!-- Generated by org.testng.reporters.JUnitReportReporter -->
<testsuite hostname="PC" failures="0" tests="1" name="HttpRequest" time="4.136" errors="0" timestamp="2024-08-24T12:38:00 IST" skipped="0">
  <testcase classname="HttpRequest" name="getUsers" time="4.136"/>
</testsuite> <!-- HttpRequest -->
