<?xml version="1.0" encoding="UTF-8"?>
<!-- Generated by org.testng.reporters.JUnitReportReporter -->
<testsuite hostname="PC" failures="0" tests="1" name="Day2.ValidateResponseHeader" time="2.641" errors="0" timestamp="2024-09-04T12:47:02 IST" skipped="0">
  <testcase classname="Day2.ValidateResponseHeader" name="testcase" time="2.641"/>
</testsuite> <!-- Day2.ValidateResponseHeader -->
