<?xml version="1.0" encoding="UTF-8"?>
<!-- Generated by org.testng.reporters.JUnitReportReporter -->
<testsuite hostname="PC" failures="0" tests="1" name="Day3.API_Authorization" time="4.561" errors="0" timestamp="2024-09-04T14:39:48 IST" skipped="0">
  <testcase classname="Day3.API_Authorization" name="BasicAutho" time="4.561"/>
</testsuite> <!-- Day3.API_Authorization -->
