<?xml version="1.0" encoding="UTF-8"?>
<!-- Generated by org.testng.reporters.JUnitReportReporter -->
<testsuite hostname="PC" failures="0" tests="1" name="Day4.Xmlvaliadterespo" time="7.962" errors="0" timestamp="2024-09-04T23:31:03 IST" skipped="0">
  <testcase classname="Day4.Xmlvaliadterespo" name="addPet" time="7.962"/>
</testsuite> <!-- Day4.Xmlvaliadterespo -->
