<?xml version="1.0" encoding="UTF-8"?>
<!-- Generated by org.testng.reporters.JUnitReportReporter -->
<testsuite hostname="PC" failures="0" tests="1" name="Day6.MockApi" time="5.804" errors="0" timestamp="2024-09-10T00:08:50 IST" skipped="0">
  <testcase classname="Day6.MockApi" name="test" time="5.804"/>
</testsuite> <!-- Day6.MockApi -->
