<?xml version="1.0" encoding="UTF-8"?>
<!-- Generated by org.testng.reporters.JUnitReportReporter -->
<testsuite hostname="PC" failures="0" tests="1" name="Day6.Add_header" time="20.215" errors="0" timestamp="2024-09-10T01:12:56 IST" skipped="0">
  <testcase classname="Day6.Add_header" name="Test" time="20.215"/>
</testsuite> <!-- Day6.Add_header -->
