<?xml version="1.0" encoding="UTF-8"?>
<!-- Generated by org.testng.reporters.JUnitReportReporter -->
<testsuite hostname="PC" failures="0" tests="1" name="Day6.Json_Ignore" time="0.767" errors="0" timestamp="2024-09-09T23:30:32 IST" skipped="0">
  <testcase classname="Day6.Json_Ignore" name="Test" time="0.767"/>
</testsuite> <!-- Day6.Json_Ignore -->
