<?xml version="1.0" encoding="UTF-8"?>
<!-- Generated by org.testng.reporters.JUnitReportReporter -->
<testsuite hostname="PC" failures="0" tests="1" name="Day5.Create_JSON_Object_Jackson_API" time="0.409" errors="0" timestamp="2024-09-05T14:34:32 IST" skipped="0">
  <testcase classname="Day5.Create_JSON_Object_Jackson_API" name="createuser" time="0.409"/>
</testsuite> <!-- Day5.Create_JSON_Object_Jackson_API -->
