<?xml version="1.0" encoding="UTF-8"?>
<!-- Generated by org.testng.reporters.JUnitReportReporter -->
<testsuite hostname="PC" failures="0" tests="1" name="Day5.NestedPojoclass" time="7.048" errors="0" timestamp="2024-09-09T20:36:52 IST" skipped="0">
  <testcase classname="Day5.NestedPojoclass" name="test" time="7.048"/>
</testsuite> <!-- Day5.NestedPojoclass -->
