<?xml version="1.0" encoding="UTF-8"?>
<!-- Generated by org.testng.reporters.JUnitReportReporter -->
<testsuite hostname="PC" failures="0" tests="1" name="Day4.QueryRequestSpecification" time="1.259" errors="0" timestamp="2024-09-04T22:29:37 IST" skipped="0">
  <testcase classname="Day4.QueryRequestSpecification" name="test" time="1.259"/>
</testsuite> <!-- Day4.QueryRequestSpecification -->
