<?xml version="1.0" encoding="UTF-8"?>
<!-- Generated by org.testng.reporters.JUnitReportReporter -->
<testsuite hostname="PC" failures="0" tests="1" name="HttpRequest.Test_PostMethod" time="3.915" errors="0" timestamp="2024-09-04T10:37:22 IST" skipped="0">
  <testcase classname="HttpRequest.Test_PostMethod" name="testcase" time="3.915"/>
</testsuite> <!-- HttpRequest.Test_PostMethod -->
