<?xml version="1.0" encoding="UTF-8"?>
<!-- Generated by org.testng.reporters.JUnitReportReporter -->
<testsuite hostname="PC" failures="0" tests="1" name="HttpRequest.Delete_Method" time="3.627" errors="0" timestamp="2024-09-04T10:53:14 IST" skipped="0">
  <testcase classname="HttpRequest.Delete_Method" name="testcase" time="3.627"/>
</testsuite> <!-- HttpRequest.Delete_Method -->
