<?xml version="1.0" encoding="UTF-8"?>
<!-- Generated by org.testng.reporters.JUnitReportReporter -->
<testsuite hostname="PC" failures="0" tests="1" name="Day6.DemojsonInclude" time="0.515" errors="0" timestamp="2024-09-09T23:06:07 IST" skipped="0">
  <testcase classname="Day6.DemojsonInclude" name="test" time="0.515"/>
</testsuite> <!-- Day6.DemojsonInclude -->
