<?xml version="1.0" encoding="UTF-8"?>
<!-- Generated by org.testng.reporters.JUnitReportReporter -->
<testsuite hostname="PC" failures="0" tests="1" name="TestNG_Module2.Multiplclss" time="0.005" errors="0" timestamp="2024-07-07T16:53:41 IST" skipped="0">
  <testcase classname="TestNG_Module2.Multiplclss" name="m1" time="0.005"/>
</testsuite> <!-- TestNG_Module2.Multiplclss -->
