<?xml version="1.0" encoding="UTF-8"?>
<!-- Generated by org.testng.reporters.JUnitReportReporter -->
<testsuite hostname="PC" failures="0" tests="3" name="BeforeSuite1.Tst3" time="0.066" errors="0" timestamp="2024-07-03T14:30:35 IST" skipped="0">
  <testcase classname="BeforeSuite1.Tst3" name="rt" time="0.003"/>
  <testcase classname="BeforeSuite1.Tst3" name="tw" time="0.015"/>
  <testcase classname="BeforeSuite1.Tst3" name="twr" time="0.048"/>
</testsuite> <!-- BeforeSuite1.Tst3 -->
