<?xml version="1.0" encoding="UTF-8"?>
<!-- Generated by org.testng.reporters.JUnitReportReporter -->
<testsuite hostname="PC" failures="0" tests="1" name="BeforeSuite1.tst4" time="0.015" errors="0" timestamp="2024-07-03T14:30:35 IST" skipped="0">
  <testcase classname="BeforeSuite1.tst4" name="trq" time="0.015"/>
</testsuite> <!-- BeforeSuite1.tst4 -->
