<?xml version="1.0" encoding="UTF-8"?>
<!-- Generated by org.testng.reporters.JUnitReportReporter -->
<testsuite hostname="PC" failures="0" tests="1" name="TestNG.Module1_Practice" time="2.609" errors="0" timestamp="2024-06-28T16:15:37 IST" skipped="0">
  <testcase classname="TestNG.Module1_Practice" name="test1" time="2.609"/>
</testsuite> <!-- TestNG.Module1_Practice -->
