<?xml version="1.0" encoding="UTF-8"?>
<!-- Generated by org.testng.reporters.JUnitReportReporter -->
<testsuite hostname="PC" failures="0" tests="4" name="TestNG_Module2.Data_prov_web" time="56.545" errors="0" timestamp="2024-07-07T20:56:16 IST" skipped="0">
  <testcase classname="TestNG_Module2.Data_prov_web" name="test1" time="29.838"/>
  <testcase classname="TestNG_Module2.Data_prov_web" name="test1" time="6.602"/>
  <testcase classname="TestNG_Module2.Data_prov_web" name="test1" time="7.138"/>
  <testcase classname="TestNG_Module2.Data_prov_web" name="test1" time="12.967"/>
</testsuite> <!-- TestNG_Module2.Data_prov_web -->
