<?xml version="1.0" encoding="UTF-8"?>
<!-- Generated by org.testng.reporters.JUnitReportReporter -->
<testsuite hostname="PC" failures="0" tests="2" name="TestNG_Module3.Parraleltesting" time="16.791" errors="0" timestamp="2024-07-07T21:13:52 IST" skipped="0">
  <testcase classname="TestNG_Module3.Parraleltesting" name="Tst" time="12.063"/>
  <testcase classname="TestNG_Module3.Parraleltesting" name="Tes" time="4.728"/>
</testsuite> <!-- TestNG_Module3.Parraleltesting -->
