<?xml version="1.0" encoding="UTF-8"?>
<!-- Generated by org.testng.reporters.JUnitReportReporter -->
<testsuite hostname="PC" failures="0" tests="3" name="ModuleTestNG5.Report_Gen" time="0.031" errors="0" timestamp="2024-07-18T23:02:16 IST" skipped="0">
  <testcase classname="ModuleTestNG5.Report_Gen" name="pass" time="0.003"/>
  <testcase classname="ModuleTestNG5.Report_Gen" name="skip" time="0.002"/>
  <testcase classname="ModuleTestNG5.Report_Gen" name="fail" time="0.026"/>
</testsuite> <!-- ModuleTestNG5.Report_Gen -->
