<?xml version="1.0" encoding="UTF-8"?>
<!-- Generated by org.testng.reporters.JUnitReportReporter -->
<testsuite hostname="PC" failures="0" tests="2" name="TestNG.Attribute_Description" time="0.025" errors="0" timestamp="2024-07-03T14:36:21 IST" skipped="0">
  <testcase classname="TestNG.Attribute_Description" name="m1" time="0.022"/>
  <testcase classname="TestNG.Attribute_Description" name="m2" time="0.003"/>
</testsuite> <!-- TestNG.Attribute_Description -->
