<?xml version="1.0" encoding="UTF-8"?>
<!-- Generated by org.testng.reporters.JUnitReportReporter -->
<testsuite hostname="PC" failures="0" tests="2" name="Testng1.Emp" time="0.029" errors="0" timestamp="2024-07-03T23:53:12 IST" skipped="0">
  <testcase classname="Testng1.Emp" name="a" time="0.022"/>
  <testcase classname="Testng1.Emp" name="a1" time="0.007"/>
</testsuite> <!-- Testng1.Emp -->
