<?xml version="1.0" encoding="UTF-8"?>
<!-- Generated by org.testng.reporters.JUnitReportReporter -->
<testsuite hostname="PC" failures="0" tests="3" name="BeforeSuite1.tst5" time="0.021" errors="0" timestamp="2024-07-03T14:30:35 IST" skipped="0">
  <testcase classname="BeforeSuite1.tst5" name="trd" time="0.003"/>
  <testcase classname="BeforeSuite1.tst5" name="qww" time="0.011"/>
  <testcase classname="BeforeSuite1.tst5" name="frw" time="0.007"/>
</testsuite> <!-- BeforeSuite1.tst5 -->
