<?xml version="1.0" encoding="UTF-8"?>
<!-- Generated by org.testng.reporters.JUnitReportReporter -->
<testsuite hostname="PC" failures="0" tests="5" name="TestNG.Priority" time="0.044" errors="0" timestamp="2024-07-04T00:34:35 IST" skipped="0">
  <testcase classname="TestNG.Priority" name="m2" time="0.023"/>
  <testcase classname="TestNG.Priority" name="m9" time="0.005"/>
  <testcase classname="TestNG.Priority" name="m1" time="0.007"/>
  <testcase classname="TestNG.Priority" name="m4" time="0.005"/>
  <testcase classname="TestNG.Priority" name="m3" time="0.004"/>
</testsuite> <!-- TestNG.Priority -->
