<?xml version="1.0" encoding="UTF-8"?>
<!-- Generated by org.testng.reporters.JUnitReportReporter -->
<testsuite hostname="PC" failures="0" tests="1" name="Testng1.paralelts" time="10.363" errors="0" timestamp="2024-07-07T21:13:52 IST" skipped="0">
  <testcase classname="Testng1.paralelts" name="Tst" time="10.363"/>
</testsuite> <!-- Testng1.paralelts -->
