<?xml version="1.0" encoding="UTF-8"?>
<!-- Generated by org.testng.reporters.JUnitReportReporter -->
<testsuite hostname="PC" failures="0" tests="5" name="TestNG.MOD" time="6.732" errors="0" timestamp="2024-06-28T16:25:55 IST" skipped="0">
  <testcase classname="TestNG.MOD" name="test2" time="2.419"/>
  <testcase classname="TestNG.MOD" name="test3" time="0.185"/>
  <testcase classname="TestNG.MOD" name="test4" time="0.157"/>
  <testcase classname="TestNG.MOD" name="test5" time="1.026"/>
  <testcase classname="TestNG.MOD" name="test1" time="2.945"/>
</testsuite> <!-- TestNG.MOD -->
