<?xml version="1.0" encoding="UTF-8"?>
<!-- Generated by org.testng.reporters.JUnitReportReporter -->
<testsuite hostname="PC" failures="0" tests="2" name="Practice" time="13.840" errors="0" timestamp="2024-09-01T20:06:00 IST" skipped="0">
  <testcase classname="Practice" name="tessCase" time="8.007"/>
  <testcase classname="Practice" name="tessCase" time="5.833"/>
</testsuite> <!-- Practice -->
