<?xml version="1.0" encoding="UTF-8"?>
<!-- Generated by org.testng.reporters.JUnitReportReporter -->
<testsuite hostname="PC" failures="0" tests="2" name="BeforeSuite.tst1" time="0.005" errors="0" timestamp="2024-07-03T14:30:35 IST" skipped="0">
  <testcase classname="BeforeSuite.tst1" name="ttr" time="0.003"/>
  <testcase classname="BeforeSuite.tst1" name="ttq" time="0.002"/>
</testsuite> <!-- BeforeSuite.tst1 -->
