<?xml version="1.0" encoding="UTF-8"?>
<!-- Generated by org.testng.reporters.JUnitReportReporter -->
<testsuite hostname="PC" failures="0" tests="4" name="TestNG.Enabl1" time="0.044" errors="0" timestamp="2024-07-07T16:33:35 IST" skipped="0">
  <testcase classname="TestNG.Enabl1" name="m2" time="0.004"/>
  <testcase classname="TestNG.Enabl1" name="m4" time="0.008"/>
  <testcase classname="TestNG.Enabl1" name="m1" time="0.023"/>
  <testcase classname="TestNG.Enabl1" name="m3" time="0.009"/>
</testsuite> <!-- TestNG.Enabl1 -->
