<?xml version="1.0" encoding="UTF-8"?>
<!-- Generated by org.testng.reporters.JUnitReportReporter -->
<testsuite hostname="PC" failures="0" tests="4" name="TestNG.BeforeAfterClass" time="4.414" errors="0" timestamp="2024-06-28T17:32:12 IST" skipped="0">
  <testcase classname="TestNG.BeforeAfterClass" name="test5" time="1.056"/>
  <testcase classname="TestNG.BeforeAfterClass" name="test3" time="0.178"/>
  <testcase classname="TestNG.BeforeAfterClass" name="test2" time="3.002"/>
  <testcase classname="TestNG.BeforeAfterClass" name="test4" time="0.178"/>
</testsuite> <!-- TestNG.BeforeAfterClass -->
