<?xml version="1.0" encoding="UTF-8"?>
<!-- Generated by org.testng.reporters.JUnitReportReporter -->
<testsuite hostname="PC" failures="0" tests="2" name="Testng1.Emp1" time="0.008" errors="0" timestamp="2024-07-03T23:53:12 IST" skipped="0">
  <testcase classname="Testng1.Emp1" name="b1" time="0.002"/>
  <testcase classname="Testng1.Emp1" name="b" time="0.006"/>
</testsuite> <!-- Testng1.Emp1 -->
