<?xml version="1.0" encoding="UTF-8"?>
<!-- Generated by org.testng.reporters.JUnitReportReporter -->
<testsuite hostname="PC" failures="0" tests="4" name="TestNG.enable_att_xml" time="0.031" errors="0" timestamp="2024-07-04T00:36:09 IST" skipped="1">
  <testcase classname="TestNG.enable_att_xml" name="m4" time="0.003"/>
  <testcase classname="TestNG.enable_att_xml" name="m2" time="0.005"/>
  <testcase classname="TestNG.enable_att_xml" name="m1" time="0.023"/>
  <testcase classname="TestNG.enable_att_xml" name="m3">
    <skipped/>
  </testcase> <!-- m3 -->
</testsuite> <!-- TestNG.enable_att_xml -->
