<?xml version="1.0" encoding="UTF-8"?>
<!-- Generated by org.testng.reporters.JUnitReportReporter -->
<testsuite hostname="PC" failures="0" tests="2" name="Module_4.Data_Driven" time="52.698" errors="0" timestamp="2024-08-30T22:20:14 IST" skipped="0">
  <testcase classname="Module_4.Data_Driven" name="test" time="35.541"/>
  <testcase classname="Module_4.Data_Driven" name="test" time="17.157"/>
</testsuite> <!-- Module_4.Data_Driven -->
