<?xml version="1.0" encoding="UTF-8"?>
<!-- Generated by org.testng.reporters.JUnitReportReporter -->
<testsuite hostname="PC" failures="0" tests="2" name="BeforeSuite.Tst" time="0.021" errors="0" timestamp="2024-07-03T14:30:35 IST" skipped="0">
  <testcase classname="BeforeSuite.Tst" name="tt" time="0.004"/>
  <testcase classname="BeforeSuite.Tst" name="ts" time="0.017"/>
</testsuite> <!-- BeforeSuite.Tst -->
