<?xml version="1.0" encoding="UTF-8"?>
<!-- Generated by org.testng.reporters.JUnitReportReporter -->
<testsuite hostname="PC" failures="0" tests="3" name="Module_4.invocationcount" time="14.229" errors="0" timestamp="2024-07-11T16:20:16 IST" skipped="0">
  <testcase classname="Module_4.invocationcount" name="test" time="3.997"/>
  <testcase classname="Module_4.invocationcount" name="test" time="5.446"/>
  <testcase classname="Module_4.invocationcount" name="test" time="4.786"/>
</testsuite> <!-- Module_4.invocationcount -->
