<?xml version="1.0" encoding="UTF-8"?>
<!-- Generated by org.testng.reporters.JUnitReportReporter -->
<testsuite hostname="PC" failures="0" tests="2" name="TestNG_Module2.Dataprov" time="0.025" errors="0" timestamp="2024-07-07T20:49:22 IST" skipped="0">
  <testcase classname="TestNG_Module2.Dataprov" name="test" time="0.022"/>
  <testcase classname="TestNG_Module2.Dataprov" name="test" time="0.003"/>
</testsuite> <!-- TestNG_Module2.Dataprov -->
