<?xml version="1.0" encoding="UTF-8"?>
<!-- Generated by org.testng.reporters.JUnitReportReporter -->
<testsuite hostname="PC" failures="0" tests="3" name="Testng1.TestFile1" time="0.012" errors="0" timestamp="2024-06-30T14:56:26 IST" skipped="0">
  <testcase classname="Testng1.TestFile1" name="tst6" time="0.004"/>
  <testcase classname="Testng1.TestFile1" name="tst4" time="0.003"/>
  <testcase classname="Testng1.TestFile1" name="tst5" time="0.005"/>
</testsuite> <!-- Testng1.TestFile1 -->
