<?xml version="1.0" encoding="UTF-8"?>
<!-- Generated by org.testng.reporters.JUnitReportReporter -->
<testsuite hostname="PC" failures="0" tests="4" name="TestNG.Enable_attribute" time="0.031" errors="0" timestamp="2024-07-04T00:24:57 IST" skipped="1">
  <testcase classname="TestNG.Enable_attribute" name="m1" time="0.023"/>
  <testcase classname="TestNG.Enable_attribute" name="m4" time="0.004"/>
  <testcase classname="TestNG.Enable_attribute" name="m2" time="0.004"/>
  <testcase classname="TestNG.Enable_attribute" name="m3">
    <skipped/>
  </testcase> <!-- m3 -->
</testsuite> <!-- TestNG.Enable_attribute -->
