<?xml version="1.0" encoding="UTF-8"?>
<!-- Generated by org.testng.reporters.JUnitReportReporter -->
<testsuite hostname="PC" failures="0" tests="1" name="TestNG_Module2.optn_parameter" time="0.028" errors="0" timestamp="2024-07-07T16:58:23 IST" skipped="0">
  <testcase classname="TestNG_Module2.optn_parameter" name="m1" time="0.028"/>
</testsuite> <!-- TestNG_Module2.optn_parameter -->
