<?xml version="1.0" encoding="UTF-8"?>
<!-- Generated by org.testng.reporters.JUnitReportReporter -->
<testsuite hostname="PC" failures="0" tests="1" name="TestNG.BeforeAfterMethod" time="6.200" errors="0" timestamp="2024-06-28T16:46:58 IST" skipped="0">
  <testcase classname="TestNG.BeforeAfterMethod" name="test1" time="6.200"/>
</testsuite> <!-- TestNG.BeforeAfterMethod -->
