<?xml version="1.0" encoding="UTF-8"?>
<!-- Generated by org.testng.reporters.JUnitReportReporter -->
<testsuite hostname="PC" failures="0" tests="5" name="TestNG.AlpPriority" time="0.051" errors="0" timestamp="2024-07-03T14:48:44 IST" skipped="0">
  <testcase classname="TestNG.AlpPriority" name="a" time="0.023"/>
  <testcase classname="TestNG.AlpPriority" name="e" time="0.018"/>
  <testcase classname="TestNG.AlpPriority" name="c" time="0.003"/>
  <testcase classname="TestNG.AlpPriority" name="d" time="0.003"/>
  <testcase classname="TestNG.AlpPriority" name="b" time="0.004"/>
</testsuite> <!-- TestNG.AlpPriority -->
