<?xml version="1.0" encoding="UTF-8"?>
<!-- Generated by org.testng.reporters.JUnitReportReporter -->
<testsuite hostname="PC" failures="0" tests="3" name="Testng1.TestFile" time="0.034" errors="0" timestamp="2024-06-30T14:56:26 IST" skipped="0">
  <testcase classname="Testng1.TestFile" name="tst1" time="0.004"/>
  <testcase classname="Testng1.TestFile" name="tst" time="0.015"/>
  <testcase classname="Testng1.TestFile" name="tst3" time="0.015"/>
</testsuite> <!-- Testng1.TestFile -->
